2018-03-29 09:39:39.046  INFO 43474 --- [main] com.allein.order.OrderApplicationTests   : Starting OrderApplicationTests on alleindeMacBook.local with PID 43474 (started by allein in /Users/allein/work/alleindemo/order)
2018-03-29 09:39:39.053  INFO 43474 --- [main] com.allein.order.OrderApplicationTests   : The following profiles are active: dev
2018-03-29 09:39:39.283  INFO 43474 --- [main] o.s.w.c.s.GenericWebApplicationContext   : Refreshing org.springframework.web.context.support.GenericWebApplicationContext@31ea9581: startup date [Thu Mar 29 09:39:39 CST 2018]; root of context hierarchy
2018-03-29 09:39:43.958  INFO 43474 --- [main] s.w.s.m.m.a.RequestMappingHandlerAdapter : Looking for @ControllerAdvice: org.springframework.web.context.support.GenericWebApplicationContext@31ea9581: startup date [Thu Mar 29 09:39:39 CST 2018]; root of context hierarchy
2018-03-29 09:39:44.178  INFO 43474 --- [main] s.w.s.m.m.a.RequestMappingHandlerMapping : Mapped "{[/error]}" onto public org.springframework.http.ResponseEntity<java.util.Map<java.lang.String, java.lang.Object>> org.springframework.boot.autoconfigure.web.servlet.error.BasicErrorController.error(javax.servlet.http.HttpServletRequest)
2018-03-29 09:39:44.183  INFO 43474 --- [main] s.w.s.m.m.a.RequestMappingHandlerMapping : Mapped "{[/error],produces=[text/html]}" onto public org.springframework.web.servlet.ModelAndView org.springframework.boot.autoconfigure.web.servlet.error.BasicErrorController.errorHtml(javax.servlet.http.HttpServletRequest,javax.servlet.http.HttpServletResponse)
2018-03-29 09:39:44.290  INFO 43474 --- [main] o.s.w.s.handler.SimpleUrlHandlerMapping  : Mapped URL path [/webjars/**] onto handler of type [class org.springframework.web.servlet.resource.ResourceHttpRequestHandler]
2018-03-29 09:39:44.291  INFO 43474 --- [main] o.s.w.s.handler.SimpleUrlHandlerMapping  : Mapped URL path [/**] onto handler of type [class org.springframework.web.servlet.resource.ResourceHttpRequestHandler]
2018-03-29 09:39:44.495  INFO 43474 --- [main] o.s.w.s.handler.SimpleUrlHandlerMapping  : Mapped URL path [/**/favicon.ico] onto handler of type [class org.springframework.web.servlet.resource.ResourceHttpRequestHandler]
2018-03-29 09:39:45.205  INFO 43474 --- [main] com.allein.order.OrderApplicationTests   : Started OrderApplicationTests in 7.485 seconds (JVM running for 11.183)
2018-03-29 09:39:45.938  INFO 43474 --- [Thread-2] o.s.w.c.s.GenericWebApplicationContext   : Closing org.springframework.web.context.support.GenericWebApplicationContext@31ea9581: startup date [Thu Mar 29 09:39:39 CST 2018]; root of context hierarchy
2018-03-29 09:40:46.189  INFO 43520 --- [main] com.allein.order.OrderApplicationTests   : Starting OrderApplicationTests on alleindeMacBook.local with PID 43520 (started by allein in /Users/allein/work/alleindemo/order)
2018-03-29 09:40:46.192  INFO 43520 --- [main] com.allein.order.OrderApplicationTests   : The following profiles are active: dev
2018-03-29 09:40:46.307  INFO 43520 --- [main] o.s.w.c.s.GenericWebApplicationContext   : Refreshing org.springframework.web.context.support.GenericWebApplicationContext@6440112d: startup date [Thu Mar 29 09:40:46 CST 2018]; root of context hierarchy
2018-03-29 09:40:50.136  INFO 43520 --- [main] s.w.s.m.m.a.RequestMappingHandlerAdapter : Looking for @ControllerAdvice: org.springframework.web.context.support.GenericWebApplicationContext@6440112d: startup date [Thu Mar 29 09:40:46 CST 2018]; root of context hierarchy
2018-03-29 09:40:50.319  INFO 43520 --- [main] s.w.s.m.m.a.RequestMappingHandlerMapping : Mapped "{[/error]}" onto public org.springframework.http.ResponseEntity<java.util.Map<java.lang.String, java.lang.Object>> org.springframework.boot.autoconfigure.web.servlet.error.BasicErrorController.error(javax.servlet.http.HttpServletRequest)
2018-03-29 09:40:50.324  INFO 43520 --- [main] s.w.s.m.m.a.RequestMappingHandlerMapping : Mapped "{[/error],produces=[text/html]}" onto public org.springframework.web.servlet.ModelAndView org.springframework.boot.autoconfigure.web.servlet.error.BasicErrorController.errorHtml(javax.servlet.http.HttpServletRequest,javax.servlet.http.HttpServletResponse)
2018-03-29 09:40:50.506  INFO 43520 --- [main] o.s.w.s.handler.SimpleUrlHandlerMapping  : Mapped URL path [/webjars/**] onto handler of type [class org.springframework.web.servlet.resource.ResourceHttpRequestHandler]
2018-03-29 09:40:50.507  INFO 43520 --- [main] o.s.w.s.handler.SimpleUrlHandlerMapping  : Mapped URL path [/**] onto handler of type [class org.springframework.web.servlet.resource.ResourceHttpRequestHandler]
2018-03-29 09:40:50.610  INFO 43520 --- [main] o.s.w.s.handler.SimpleUrlHandlerMapping  : Mapped URL path [/**/favicon.ico] onto handler of type [class org.springframework.web.servlet.resource.ResourceHttpRequestHandler]
2018-03-29 09:40:51.124  INFO 43520 --- [main] com.allein.order.OrderApplicationTests   : Started OrderApplicationTests in 5.758 seconds (JVM running for 7.792)
2018-03-29 09:40:51.344  INFO 43520 --- [Thread-2] o.s.w.c.s.GenericWebApplicationContext   : Closing org.springframework.web.context.support.GenericWebApplicationContext@6440112d: startup date [Thu Mar 29 09:40:46 CST 2018]; root of context hierarchy
2018-03-29 09:53:37.671  INFO 43575 --- [main] com.allein.order.OrderApplicationTests   : Starting OrderApplicationTests on alleindeMacBook.local with PID 43575 (started by allein in /Users/allein/work/alleindemo/order)
2018-03-29 09:53:37.674  INFO 43575 --- [main] com.allein.order.OrderApplicationTests   : The following profiles are active: dev
2018-03-29 09:53:37.771  INFO 43575 --- [main] o.s.w.c.s.GenericWebApplicationContext   : Refreshing org.springframework.web.context.support.GenericWebApplicationContext@31ea9581: startup date [Thu Mar 29 09:53:37 CST 2018]; root of context hierarchy
2018-03-29 09:53:42.425  INFO 43575 --- [main] s.w.s.m.m.a.RequestMappingHandlerAdapter : Looking for @ControllerAdvice: org.springframework.web.context.support.GenericWebApplicationContext@31ea9581: startup date [Thu Mar 29 09:53:37 CST 2018]; root of context hierarchy
2018-03-29 09:53:42.629  INFO 43575 --- [main] s.w.s.m.m.a.RequestMappingHandlerMapping : Mapped "{[/error]}" onto public org.springframework.http.ResponseEntity<java.util.Map<java.lang.String, java.lang.Object>> org.springframework.boot.autoconfigure.web.servlet.error.BasicErrorController.error(javax.servlet.http.HttpServletRequest)
2018-03-29 09:53:42.636  INFO 43575 --- [main] s.w.s.m.m.a.RequestMappingHandlerMapping : Mapped "{[/error],produces=[text/html]}" onto public org.springframework.web.servlet.ModelAndView org.springframework.boot.autoconfigure.web.servlet.error.BasicErrorController.errorHtml(javax.servlet.http.HttpServletRequest,javax.servlet.http.HttpServletResponse)
2018-03-29 09:53:42.761  INFO 43575 --- [main] o.s.w.s.handler.SimpleUrlHandlerMapping  : Mapped URL path [/webjars/**] onto handler of type [class org.springframework.web.servlet.resource.ResourceHttpRequestHandler]
2018-03-29 09:53:42.761  INFO 43575 --- [main] o.s.w.s.handler.SimpleUrlHandlerMapping  : Mapped URL path [/**] onto handler of type [class org.springframework.web.servlet.resource.ResourceHttpRequestHandler]
2018-03-29 09:53:42.863  INFO 43575 --- [main] o.s.w.s.handler.SimpleUrlHandlerMapping  : Mapped URL path [/**/favicon.ico] onto handler of type [class org.springframework.web.servlet.resource.ResourceHttpRequestHandler]
2018-03-29 09:53:43.400  INFO 43575 --- [main] com.allein.order.OrderApplicationTests   : Started OrderApplicationTests in 7.089 seconds (JVM running for 9.718)
2018-03-29 09:53:43.610  INFO 43575 --- [Thread-2] o.s.w.c.s.GenericWebApplicationContext   : Closing org.springframework.web.context.support.GenericWebApplicationContext@31ea9581: startup date [Thu Mar 29 09:53:37 CST 2018]; root of context hierarchy
2018-03-29 14:26:42.110  INFO 44481 --- [main] com.allein.order.OrderApplicationTests   : Starting OrderApplicationTests on alleindeMacBook.local with PID 44481 (started by allein in /Users/allein/work/alleindemo/order)
2018-03-29 14:26:42.125  INFO 44481 --- [main] com.allein.order.OrderApplicationTests   : The following profiles are active: prod
2018-03-29 14:26:42.265  INFO 44481 --- [main] o.s.w.c.s.GenericWebApplicationContext   : Refreshing org.springframework.web.context.support.GenericWebApplicationContext@6440112d: startup date [Thu Mar 29 14:26:42 CST 2018]; root of context hierarchy
2018-03-29 14:26:46.956  INFO 44481 --- [main] s.w.s.m.m.a.RequestMappingHandlerAdapter : Looking for @ControllerAdvice: org.springframework.web.context.support.GenericWebApplicationContext@6440112d: startup date [Thu Mar 29 14:26:42 CST 2018]; root of context hierarchy
2018-03-29 14:26:47.971  INFO 44481 --- [main] s.w.s.m.m.a.RequestMappingHandlerMapping : Mapped "{[/error]}" onto public org.springframework.http.ResponseEntity<java.util.Map<java.lang.String, java.lang.Object>> org.springframework.boot.autoconfigure.web.servlet.error.BasicErrorController.error(javax.servlet.http.HttpServletRequest)
2018-03-29 14:26:47.985  INFO 44481 --- [main] s.w.s.m.m.a.RequestMappingHandlerMapping : Mapped "{[/error],produces=[text/html]}" onto public org.springframework.web.servlet.ModelAndView org.springframework.boot.autoconfigure.web.servlet.error.BasicErrorController.errorHtml(javax.servlet.http.HttpServletRequest,javax.servlet.http.HttpServletResponse)
2018-03-29 14:26:48.150  INFO 44481 --- [main] o.s.w.s.handler.SimpleUrlHandlerMapping  : Mapped URL path [/webjars/**] onto handler of type [class org.springframework.web.servlet.resource.ResourceHttpRequestHandler]
2018-03-29 14:26:48.151  INFO 44481 --- [main] o.s.w.s.handler.SimpleUrlHandlerMapping  : Mapped URL path [/**] onto handler of type [class org.springframework.web.servlet.resource.ResourceHttpRequestHandler]
2018-03-29 14:26:48.490  INFO 44481 --- [main] o.s.w.s.handler.SimpleUrlHandlerMapping  : Mapped URL path [/**/favicon.ico] onto handler of type [class org.springframework.web.servlet.resource.ResourceHttpRequestHandler]
2018-03-29 14:26:49.156  INFO 44481 --- [main] com.allein.order.OrderApplicationTests   : Started OrderApplicationTests in 8.118 seconds (JVM running for 10.716)
2018-03-29 14:26:49.526  INFO 44481 --- [Thread-2] o.s.w.c.s.GenericWebApplicationContext   : Closing org.springframework.web.context.support.GenericWebApplicationContext@6440112d: startup date [Thu Mar 29 14:26:42 CST 2018]; root of context hierarchy
2018-03-29 14:29:45.125  INFO 44547 --- [main] com.allein.order.OrderApplicationTests   : Starting OrderApplicationTests on alleindeMacBook.local with PID 44547 (started by allein in /Users/allein/work/alleindemo/order)
2018-03-29 14:29:45.131  INFO 44547 --- [main] com.allein.order.OrderApplicationTests   : The following profiles are active: prod
2018-03-29 14:29:45.249  INFO 44547 --- [main] o.s.w.c.s.GenericWebApplicationContext   : Refreshing org.springframework.web.context.support.GenericWebApplicationContext@31ea9581: startup date [Thu Mar 29 14:29:45 CST 2018]; root of context hierarchy
2018-03-29 14:29:50.624  INFO 44547 --- [main] s.w.s.m.m.a.RequestMappingHandlerAdapter : Looking for @ControllerAdvice: org.springframework.web.context.support.GenericWebApplicationContext@31ea9581: startup date [Thu Mar 29 14:29:45 CST 2018]; root of context hierarchy
2018-03-29 14:29:51.059  INFO 44547 --- [main] s.w.s.m.m.a.RequestMappingHandlerMapping : Mapped "{[/error]}" onto public org.springframework.http.ResponseEntity<java.util.Map<java.lang.String, java.lang.Object>> org.springframework.boot.autoconfigure.web.servlet.error.BasicErrorController.error(javax.servlet.http.HttpServletRequest)
2018-03-29 14:29:51.065  INFO 44547 --- [main] s.w.s.m.m.a.RequestMappingHandlerMapping : Mapped "{[/error],produces=[text/html]}" onto public org.springframework.web.servlet.ModelAndView org.springframework.boot.autoconfigure.web.servlet.error.BasicErrorController.errorHtml(javax.servlet.http.HttpServletRequest,javax.servlet.http.HttpServletResponse)
2018-03-29 14:29:51.223  INFO 44547 --- [main] o.s.w.s.handler.SimpleUrlHandlerMapping  : Mapped URL path [/webjars/**] onto handler of type [class org.springframework.web.servlet.resource.ResourceHttpRequestHandler]
2018-03-29 14:29:51.224  INFO 44547 --- [main] o.s.w.s.handler.SimpleUrlHandlerMapping  : Mapped URL path [/**] onto handler of type [class org.springframework.web.servlet.resource.ResourceHttpRequestHandler]
2018-03-29 14:29:51.536  INFO 44547 --- [main] o.s.w.s.handler.SimpleUrlHandlerMapping  : Mapped URL path [/**/favicon.ico] onto handler of type [class org.springframework.web.servlet.resource.ResourceHttpRequestHandler]
2018-03-29 14:29:52.134  INFO 44547 --- [main] com.allein.order.OrderApplicationTests   : Started OrderApplicationTests in 8.343 seconds (JVM running for 11.363)
2018-03-29 14:29:52.432  INFO 44547 --- [Thread-2] o.s.w.c.s.GenericWebApplicationContext   : Closing org.springframework.web.context.support.GenericWebApplicationContext@31ea9581: startup date [Thu Mar 29 14:29:45 CST 2018]; root of context hierarchy
2018-03-29 15:48:01.540  INFO 45060 --- [main] com.allein.order.OrderApplicationTests   : Starting OrderApplicationTests on alleindeMacBook.local with PID 45060 (started by allein in /Users/allein/work/alleindemo/order)
2018-03-29 15:48:01.549  INFO 45060 --- [main] com.allein.order.OrderApplicationTests   : The following profiles are active: prod
2018-03-29 15:48:01.649  INFO 45060 --- [main] o.s.w.c.s.GenericWebApplicationContext   : Refreshing org.springframework.web.context.support.GenericWebApplicationContext@6440112d: startup date [Thu Mar 29 15:48:01 CST 2018]; root of context hierarchy
2018-03-29 15:48:04.926  INFO 45060 --- [main] s.w.s.m.m.a.RequestMappingHandlerAdapter : Looking for @ControllerAdvice: org.springframework.web.context.support.GenericWebApplicationContext@6440112d: startup date [Thu Mar 29 15:48:01 CST 2018]; root of context hierarchy
2018-03-29 15:48:05.127  INFO 45060 --- [main] s.w.s.m.m.a.RequestMappingHandlerMapping : Mapped "{[/error]}" onto public org.springframework.http.ResponseEntity<java.util.Map<java.lang.String, java.lang.Object>> org.springframework.boot.autoconfigure.web.servlet.error.BasicErrorController.error(javax.servlet.http.HttpServletRequest)
2018-03-29 15:48:05.131  INFO 45060 --- [main] s.w.s.m.m.a.RequestMappingHandlerMapping : Mapped "{[/error],produces=[text/html]}" onto public org.springframework.web.servlet.ModelAndView org.springframework.boot.autoconfigure.web.servlet.error.BasicErrorController.errorHtml(javax.servlet.http.HttpServletRequest,javax.servlet.http.HttpServletResponse)
2018-03-29 15:48:05.260  INFO 45060 --- [main] o.s.w.s.handler.SimpleUrlHandlerMapping  : Mapped URL path [/webjars/**] onto handler of type [class org.springframework.web.servlet.resource.ResourceHttpRequestHandler]
2018-03-29 15:48:05.261  INFO 45060 --- [main] o.s.w.s.handler.SimpleUrlHandlerMapping  : Mapped URL path [/**] onto handler of type [class org.springframework.web.servlet.resource.ResourceHttpRequestHandler]
2018-03-29 15:48:05.457  INFO 45060 --- [main] o.s.w.s.handler.SimpleUrlHandlerMapping  : Mapped URL path [/**/favicon.ico] onto handler of type [class org.springframework.web.servlet.resource.ResourceHttpRequestHandler]
2018-03-29 15:48:05.860  INFO 45060 --- [main] com.allein.order.OrderApplicationTests   : Started OrderApplicationTests in 5.103 seconds (JVM running for 7.947)
2018-03-29 15:48:06.060  INFO 45060 --- [Thread-2] o.s.w.c.s.GenericWebApplicationContext   : Closing org.springframework.web.context.support.GenericWebApplicationContext@6440112d: startup date [Thu Mar 29 15:48:01 CST 2018]; root of context hierarchy
2018-03-29 16:11:44.901  INFO 45160 --- [main] com.allein.order.OrderApplicationTests   : Starting OrderApplicationTests on alleindeMacBook.local with PID 45160 (started by allein in /Users/allein/work/alleindemo/order)
2018-03-29 16:11:44.904  INFO 45160 --- [main] com.allein.order.OrderApplicationTests   : The following profiles are active: prod
2018-03-29 16:11:44.990  INFO 45160 --- [main] o.s.w.c.s.GenericWebApplicationContext   : Refreshing org.springframework.web.context.support.GenericWebApplicationContext@6440112d: startup date [Thu Mar 29 16:11:44 CST 2018]; root of context hierarchy
2018-03-29 16:11:47.769  INFO 45160 --- [main] s.w.s.m.m.a.RequestMappingHandlerAdapter : Looking for @ControllerAdvice: org.springframework.web.context.support.GenericWebApplicationContext@6440112d: startup date [Thu Mar 29 16:11:44 CST 2018]; root of context hierarchy
2018-03-29 16:11:47.928  INFO 45160 --- [main] s.w.s.m.m.a.RequestMappingHandlerMapping : Mapped "{[/error]}" onto public org.springframework.http.ResponseEntity<java.util.Map<java.lang.String, java.lang.Object>> org.springframework.boot.autoconfigure.web.servlet.error.BasicErrorController.error(javax.servlet.http.HttpServletRequest)
2018-03-29 16:11:47.931  INFO 45160 --- [main] s.w.s.m.m.a.RequestMappingHandlerMapping : Mapped "{[/error],produces=[text/html]}" onto public org.springframework.web.servlet.ModelAndView org.springframework.boot.autoconfigure.web.servlet.error.BasicErrorController.errorHtml(javax.servlet.http.HttpServletRequest,javax.servlet.http.HttpServletResponse)
2018-03-29 16:11:48.002  INFO 45160 --- [main] o.s.w.s.handler.SimpleUrlHandlerMapping  : Mapped URL path [/webjars/**] onto handler of type [class org.springframework.web.servlet.resource.ResourceHttpRequestHandler]
2018-03-29 16:11:48.012  INFO 45160 --- [main] o.s.w.s.handler.SimpleUrlHandlerMapping  : Mapped URL path [/**] onto handler of type [class org.springframework.web.servlet.resource.ResourceHttpRequestHandler]
2018-03-29 16:11:48.103  INFO 45160 --- [main] o.s.w.s.handler.SimpleUrlHandlerMapping  : Mapped URL path [/**/favicon.ico] onto handler of type [class org.springframework.web.servlet.resource.ResourceHttpRequestHandler]
2018-03-29 16:11:48.399  INFO 45160 --- [main] com.allein.order.OrderApplicationTests   : Started OrderApplicationTests in 4.154 seconds (JVM running for 5.717)
2018-03-29 16:11:48.620  INFO 45160 --- [Thread-2] o.s.w.c.s.GenericWebApplicationContext   : Closing org.springframework.web.context.support.GenericWebApplicationContext@6440112d: startup date [Thu Mar 29 16:11:44 CST 2018]; root of context hierarchy
2018-03-29 16:32:57.086  INFO 45508 --- [main] com.allein.order.OrderApplicationTests   : Starting OrderApplicationTests on alleindeMacBook.local with PID 45508 (started by allein in /Users/allein/work/alleindemo/order)
2018-03-29 16:32:57.088  INFO 45508 --- [main] com.allein.order.OrderApplicationTests   : The following profiles are active: prod
2018-03-29 16:32:57.149  INFO 45508 --- [main] o.s.w.c.s.GenericWebApplicationContext   : Refreshing org.springframework.web.context.support.GenericWebApplicationContext@6440112d: startup date [Thu Mar 29 16:32:57 CST 2018]; root of context hierarchy
2018-03-29 16:33:00.107  INFO 45508 --- [main] s.w.s.m.m.a.RequestMappingHandlerAdapter : Looking for @ControllerAdvice: org.springframework.web.context.support.GenericWebApplicationContext@6440112d: startup date [Thu Mar 29 16:32:57 CST 2018]; root of context hierarchy
2018-03-29 16:33:00.271  INFO 45508 --- [main] s.w.s.m.m.a.RequestMappingHandlerMapping : Mapped "{[/error]}" onto public org.springframework.http.ResponseEntity<java.util.Map<java.lang.String, java.lang.Object>> org.springframework.boot.autoconfigure.web.servlet.error.BasicErrorController.error(javax.servlet.http.HttpServletRequest)
2018-03-29 16:33:00.274  INFO 45508 --- [main] s.w.s.m.m.a.RequestMappingHandlerMapping : Mapped "{[/error],produces=[text/html]}" onto public org.springframework.web.servlet.ModelAndView org.springframework.boot.autoconfigure.web.servlet.error.BasicErrorController.errorHtml(javax.servlet.http.HttpServletRequest,javax.servlet.http.HttpServletResponse)
2018-03-29 16:33:00.361  INFO 45508 --- [main] o.s.w.s.handler.SimpleUrlHandlerMapping  : Mapped URL path [/webjars/**] onto handler of type [class org.springframework.web.servlet.resource.ResourceHttpRequestHandler]
2018-03-29 16:33:00.362  INFO 45508 --- [main] o.s.w.s.handler.SimpleUrlHandlerMapping  : Mapped URL path [/**] onto handler of type [class org.springframework.web.servlet.resource.ResourceHttpRequestHandler]
2018-03-29 16:33:00.591  INFO 45508 --- [main] o.s.w.s.handler.SimpleUrlHandlerMapping  : Mapped URL path [/**/favicon.ico] onto handler of type [class org.springframework.web.servlet.resource.ResourceHttpRequestHandler]
2018-03-29 16:33:01.127  INFO 45508 --- [main] com.allein.order.OrderApplicationTests   : Started OrderApplicationTests in 4.793 seconds (JVM running for 6.617)
2018-03-29 16:33:01.287  INFO 45508 --- [Thread-2] o.s.w.c.s.GenericWebApplicationContext   : Closing org.springframework.web.context.support.GenericWebApplicationContext@6440112d: startup date [Thu Mar 29 16:32:57 CST 2018]; root of context hierarchy
